Using pre-set license

 COMMAND LINE ARGUMENTS:
/Users/bensmith/Documents/2020.3.13f1/Unity.app/Contents/MacOS/Unity
-adb2
-batchMode
-noUpm
-name
AssetImportWorker0
-projectPath
/Users/bensmith/Documents/WesternShooter
-logFile
Logs/AssetImportWorker0.log
-srvPort
62673
Successfully changed project path to: /Users/bensmith/Documents/WesternShooter
/Users/bensmith/Documents/WesternShooter
Using Asset Import Pipeline V2.
Refreshing native plugins compatible for Editor in 50.26 ms, found 2 plugins.
Preloading 0 native plugins for Editor in 0.00 ms.
Initialize engine version: 2020.3.13f1 (71691879b7f5)
[Subsystems] Discovering subsystems at path /Users/bensmith/Documents/2020.3.13f1/Unity.app/Contents/Resources/UnitySubsystems
[Subsystems] Discovering subsystems at path /Users/bensmith/Documents/WesternShooter/Assets
GfxDevice: creating device client; threaded=0
2021-08-09 15:36:07.770 Unity[23973:9654086] Color LCD preferred device: Intel(R) Iris(TM) Plus Graphics 640 (low power)
2021-08-09 15:36:07.770 Unity[23973:9654086] Metal devices available: 1
2021-08-09 15:36:07.770 Unity[23973:9654086] 0: Intel(R) Iris(TM) Plus Graphics 640 (low power)
2021-08-09 15:36:07.770 Unity[23973:9654086] Using device Intel(R) Iris(TM) Plus Graphics 640 (low power)
Initializing Metal device caps: Intel(R) Iris(TM) Plus Graphics 640
Initialize mono
Mono path[0] = '/Users/bensmith/Documents/2020.3.13f1/Unity.app/Contents/Managed'
Mono path[1] = '/Users/bensmith/Documents/2020.3.13f1/Unity.app/Contents/MonoBleedingEdge/lib/mono/unityjit'
Mono config path = '/Users/bensmith/Documents/2020.3.13f1/Unity.app/Contents/MonoBleedingEdge/etc'
Using monoOptions --debugger-agent=transport=dt_socket,embedding=1,server=y,suspend=n,address=127.0.0.1:56973
Begin MonoManager ReloadAssembly
Registering precompiled unity dll's ...
Register platform support module: /Users/bensmith/Documents/2020.3.13f1/Unity.app/Contents/PlaybackEngines/MacStandaloneSupport/UnityEditor.OSXStandalone.Extensions.dll
Registered in 0.002004 seconds.
Native extension for OSXStandalone target not found
Refreshing native plugins compatible for Editor in 64.23 ms, found 2 plugins.
Preloading 0 native plugins for Editor in 0.00 ms.
Mono: successfully reloaded assembly
- Completed reload, in  8.118 seconds
Platform modules already initialized, skipping
Registering precompiled user dll's ...
Registered in 0.044978 seconds.
Begin MonoManager ReloadAssembly
Native extension for OSXStandalone target not found
Refreshing native plugins compatible for Editor in 0.95 ms, found 2 plugins.
Preloading 0 native plugins for Editor in 0.00 ms.
Mono: successfully reloaded assembly
- Completed reload, in  3.375 seconds
Platform modules already initialized, skipping
========================================================================
Worker process is ready to serve import requests
Launching external process: /Users/bensmith/Documents/2020.3.13f1/Unity.app/Contents/Tools/UnityShaderCompiler
Launched and connected shader compiler UnityShaderCompiler after 0.03 seconds
Refreshing native plugins compatible for Editor in 1.54 ms, found 2 plugins.
Preloading 0 native plugins for Editor in 0.00 ms.
Unloading 1390 Unused Serialized files (Serialized files now loaded: 0)
System memory in use before: 139.5 MB.
System memory in use after: 139.6 MB.

Unloading 19 unused Assets to reduce memory usage. Loaded Objects now: 1823.
Total: 3.615976 ms (FindLiveObjects: 0.449336 ms CreateObjectMapping: 0.119454 ms MarkObjects: 2.907413 ms  DeleteObjects: 0.138245 ms)

AssetImportParameters requested are different than current active one (requested -> active):
  custom:video-decoder-ogg-theora: a1e56fd34408186e4bbccfd4996cb3dc -> 
  custom:container-muxer-webm: aa71ff27fc2769a1b78a27578f13a17b -> 
  custom:container-demuxer-webm: 4f35f7cbe854078d1ac9338744f61a02 -> 
  custom:container-demuxer-ogg: 62fdf1f143b41e24485cea50d1cbac27 -> 
  custom:video-encoder-webm-vp8: eb34c28f22e8b96e1ab97ce403110664 -> 
  custom:framework-osx-AVFoundation: e770b220cccbd017edd2c1fefb359320 -> 
  custom:video-decoder-webm-vp8: 9c59270c3fd7afecdb556c50c9e8de78 -> 
  custom:audio-decoder-ogg-vorbis: bf7c407c2cedff20999df2af8eb42d56 -> 
  custom:audio-encoder-webm-vorbis: bf7c407c2cedff20999df2af8eb42d56 -> 
========================================================================
Received Import Request.
  path: Assets/PolygonWestern/Demo/Demo.unity
  artifactKey: Guid(b02577a54950ef949a2fcd9d37a1d40c) Importer(815301076,1909f56bfc062723c751e8b465ee728b)
Start importing Assets/PolygonWestern/Demo/Demo.unity using Guid(b02577a54950ef949a2fcd9d37a1d40c) Importer(815301076,1909f56bfc062723c751e8b465ee728b)  -> (artifact id: 'e6101ebb1766ce051a3b26b2bfd2c300') in 0.024222 seconds 
  Import took 0.028351 seconds .

========================================================================
Received Import Request.
  Time since last request: 0.000355 seconds.
  path: Assets/PolygonWestern/Demo
  artifactKey: Guid(6d588edb89207de4e94518cb68ae53b1) Importer(815301076,1909f56bfc062723c751e8b465ee728b)
Start importing Assets/PolygonWestern/Demo using Guid(6d588edb89207de4e94518cb68ae53b1) Importer(815301076,1909f56bfc062723c751e8b465ee728b)  -> (artifact id: 'c5660d6ff3d7f3606bf899b05cdfce05') in 0.001702 seconds 
  Import took 0.006268 seconds .

========================================================================
Received Import Request.
  Time since last request: 355.557547 seconds.
  path: Assets/PolygonWestern/Prefabs/Characters/Character_Badguy_01.prefab
  artifactKey: Guid(085e53ee40ad24b40a83bd90705ad460) Importer(815301076,1909f56bfc062723c751e8b465ee728b)
Start importing Assets/PolygonWestern/Prefabs/Characters/Character_Badguy_01.prefab using Guid(085e53ee40ad24b40a83bd90705ad460) Importer(815301076,1909f56bfc062723c751e8b465ee728b)  -> (artifact id: '81f93c22a1abcb3aae4103d56d264e10') in 2.445066 seconds 
  Import took 2.463632 seconds .

========================================================================
Received Import Request.
  Time since last request: 0.000353 seconds.
  path: Assets/PolygonWestern/Prefabs/Characters/Character_Gunman_01.prefab
  artifactKey: Guid(e3d9a5b7a19f9684d9b63308cdfa95bd) Importer(815301076,1909f56bfc062723c751e8b465ee728b)
Start importing Assets/PolygonWestern/Prefabs/Characters/Character_Gunman_01.prefab using Guid(e3d9a5b7a19f9684d9b63308cdfa95bd) Importer(815301076,1909f56bfc062723c751e8b465ee728b)  -> (artifact id: '51ef188a3d0664329880c5e7f4f24bff') in 0.068599 seconds 
  Import took 0.078703 seconds .

========================================================================
Received Import Request.
  Time since last request: 0.000291 seconds.
  path: Assets/PolygonWestern/Prefabs/Characters/SM_CharacterAttachments_Pouch_02.prefab
  artifactKey: Guid(cf853657ee3c9724ab9a90d893d7a99c) Importer(815301076,1909f56bfc062723c751e8b465ee728b)
Start importing Assets/PolygonWestern/Prefabs/Characters/SM_CharacterAttachments_Pouch_02.prefab using Guid(cf853657ee3c9724ab9a90d893d7a99c) Importer(815301076,1909f56bfc062723c751e8b465ee728b)  -> (artifact id: 'c475932af2fa9e01338d8cc29781d729') in 0.121655 seconds 
  Import took 0.124793 seconds .

========================================================================
Received Import Request.
  Time since last request: 0.001658 seconds.
  path: Assets/PolygonWestern/Prefabs/Characters/SM_CharacterAttachments_Bandana_01.prefab
  artifactKey: Guid(f1c64eb7c41754a4186bda09c49b1478) Importer(815301076,1909f56bfc062723c751e8b465ee728b)
Start importing Assets/PolygonWestern/Prefabs/Characters/SM_CharacterAttachments_Bandana_01.prefab using Guid(f1c64eb7c41754a4186bda09c49b1478) Importer(815301076,1909f56bfc062723c751e8b465ee728b)  -> (artifact id: '4af5ab42eebc4d63e46ab108a1aec0c9') in 0.057839 seconds 
  Import took 0.067375 seconds .

========================================================================
Received Import Request.
  Time since last request: 0.001466 seconds.
  path: Assets/PolygonWestern/Prefabs/Characters/Character_Cowgirl_01.prefab
  artifactKey: Guid(24362449162558a49bc6904c0fda923a) Importer(815301076,1909f56bfc062723c751e8b465ee728b)
Start importing Assets/PolygonWestern/Prefabs/Characters/Character_Cowgirl_01.prefab using Guid(24362449162558a49bc6904c0fda923a) Importer(815301076,1909f56bfc062723c751e8b465ee728b)  -> (artifact id: '08acd5e31e8cd8d14f794b38407795ea') in 0.121737 seconds 
  Import took 0.131655 seconds .

========================================================================
Received Import Request.
  Time since last request: 0.000269 seconds.
  path: Assets/PolygonWestern/Prefabs/Characters/SM_CharacterAttachment_Holster_01.prefab
  artifactKey: Guid(2d5ca81f2171f9549861fc19481993d9) Importer(815301076,1909f56bfc062723c751e8b465ee728b)
Start importing Assets/PolygonWestern/Prefabs/Characters/SM_CharacterAttachment_Holster_01.prefab using Guid(2d5ca81f2171f9549861fc19481993d9) Importer(815301076,1909f56bfc062723c751e8b465ee728b)  -> (artifact id: '0085c70e8ec4ae7414cbadd9311aed55') in 0.042642 seconds 
  Import took 0.052200 seconds .

========================================================================
Received Import Request.
  Time since last request: 0.000305 seconds.
  path: Assets/PolygonWestern/Prefabs/Characters/Character_SaloonGirl_01.prefab
  artifactKey: Guid(96256c2234452c641863ebbc421be660) Importer(815301076,1909f56bfc062723c751e8b465ee728b)
Start importing Assets/PolygonWestern/Prefabs/Characters/Character_SaloonGirl_01.prefab using Guid(96256c2234452c641863ebbc421be660) Importer(815301076,1909f56bfc062723c751e8b465ee728b)  -> (artifact id: '41bee4d57f32045f1df09cb0f10acd12') in 0.056006 seconds 
  Import took 0.060454 seconds .

========================================================================
Received Import Request.
  Time since last request: 0.000338 seconds.
  path: Assets/PolygonWestern/Prefabs/Characters/Character_Cowboy_01.prefab
  artifactKey: Guid(e169e4d9dbd157b498e582065a5f9302) Importer(815301076,1909f56bfc062723c751e8b465ee728b)
Start importing Assets/PolygonWestern/Prefabs/Characters/Character_Cowboy_01.prefab using Guid(e169e4d9dbd157b498e582065a5f9302) Importer(815301076,1909f56bfc062723c751e8b465ee728b)  -> (artifact id: '31b5a97221796c3694fa12d36627a4f0') in 0.065128 seconds 
  Import took 0.070702 seconds .

========================================================================
Received Import Request.
  Time since last request: 0.000533 seconds.
  path: Assets/PolygonWestern/Prefabs/Characters/Character_Business_Man_01.prefab
  artifactKey: Guid(e85f10072d335224984d9b8ae2e93843) Importer(815301076,1909f56bfc062723c751e8b465ee728b)
Start importing Assets/PolygonWestern/Prefabs/Characters/Character_Business_Man_01.prefab using Guid(e85f10072d335224984d9b8ae2e93843) Importer(815301076,1909f56bfc062723c751e8b465ee728b)  -> (artifact id: '455d24c1aacd46dba72d3158fee69807') in 0.061605 seconds 
  Import took 0.067990 seconds .

========================================================================
Received Import Request.
  Time since last request: 0.000332 seconds.
  path: Assets/PolygonWestern/Prefabs/Characters/SM_CharacterAttachments_Pouch_01.prefab
  artifactKey: Guid(6cf8ff28f333c54479452abd0fe7235e) Importer(815301076,1909f56bfc062723c751e8b465ee728b)
Start importing Assets/PolygonWestern/Prefabs/Characters/SM_CharacterAttachments_Pouch_01.prefab using Guid(6cf8ff28f333c54479452abd0fe7235e) Importer(815301076,1909f56bfc062723c751e8b465ee728b)  -> (artifact id: '118763b5fb19e8d7cb624822e05ab498') in 0.053317 seconds 
  Import took 0.068684 seconds .

========================================================================
Received Import Request.
  Time since last request: 0.000258 seconds.
  path: Assets/PolygonWestern/Prefabs/Characters/Character_Sheriff_01.prefab
  artifactKey: Guid(15a550206f811c346b37f3a3f4495178) Importer(815301076,1909f56bfc062723c751e8b465ee728b)
Start importing Assets/PolygonWestern/Prefabs/Characters/Character_Sheriff_01.prefab using Guid(15a550206f811c346b37f3a3f4495178) Importer(815301076,1909f56bfc062723c751e8b465ee728b)  -> (artifact id: '67eff24a0ab86b97d7f4a8ffb16a210d') in 0.066971 seconds 
  Import took 0.077345 seconds .

========================================================================
Received Import Request.
  Time since last request: 0.000381 seconds.
  path: Assets/PolygonWestern/Prefabs/Characters/Character_Woman_01.prefab
  artifactKey: Guid(7aad5b0274fd2894eafec31a58e26a32) Importer(815301076,1909f56bfc062723c751e8b465ee728b)
Start importing Assets/PolygonWestern/Prefabs/Characters/Character_Woman_01.prefab using Guid(7aad5b0274fd2894eafec31a58e26a32) Importer(815301076,1909f56bfc062723c751e8b465ee728b)  -> (artifact id: '3dc92e9bbcf60009cf5af5ed8cd126a9') in 0.051451 seconds 
  Import took 0.062736 seconds .

========================================================================
Received Import Request.
  Time since last request: 395.739917 seconds.
  path: Assets/Animatinos
  artifactKey: Guid(3eaabfce2ac5e47ed9f5fe5202b9c6a5) Importer(815301076,1909f56bfc062723c751e8b465ee728b)
Start importing Assets/Animatinos using Guid(3eaabfce2ac5e47ed9f5fe5202b9c6a5) Importer(815301076,1909f56bfc062723c751e8b465ee728b)  -> (artifact id: 'f616d1375004d1e06ceb0a3e87c487ff') in 0.002675 seconds 
  Import took 0.012190 seconds .

========================================================================
Received Import Request.
  Time since last request: 2.726242 seconds.
  path: Assets/Animations
  artifactKey: Guid(3eaabfce2ac5e47ed9f5fe5202b9c6a5) Importer(815301076,1909f56bfc062723c751e8b465ee728b)
Start importing Assets/Animations using Guid(3eaabfce2ac5e47ed9f5fe5202b9c6a5) Importer(815301076,1909f56bfc062723c751e8b465ee728b)  -> (artifact id: '98c3421877d1bddba011356ceea59738') in 0.003188 seconds 
  Import took 0.013337 seconds .

========================================================================
Received Import Request.
  Time since last request: 10.847717 seconds.
  path: Assets/PolygonWestern/Prefabs/Characters/New Animator Controller.controller
  artifactKey: Guid(06e4a5e6d736042b19e29c619495c1c2) Importer(815301076,1909f56bfc062723c751e8b465ee728b)
Start importing Assets/PolygonWestern/Prefabs/Characters/New Animator Controller.controller using Guid(06e4a5e6d736042b19e29c619495c1c2) Importer(815301076,1909f56bfc062723c751e8b465ee728b)  -> (artifact id: '5bc495d46da99bcc3bef4b4be717f06d') in 0.402645 seconds 
  Import took 0.415622 seconds .

========================================================================
Received Import Request.
  Time since last request: 2.754202 seconds.
  path: Assets/PolygonWestern/Prefabs/Characters/BadGuy.controller
  artifactKey: Guid(06e4a5e6d736042b19e29c619495c1c2) Importer(815301076,1909f56bfc062723c751e8b465ee728b)
Start importing Assets/PolygonWestern/Prefabs/Characters/BadGuy.controller using Guid(06e4a5e6d736042b19e29c619495c1c2) Importer(815301076,1909f56bfc062723c751e8b465ee728b)  -> (artifact id: '3474fd6fa3c2069e0561666a2d4fadc1') in 0.005464 seconds 
  Import took 0.010154 seconds .

========================================================================
Received Import Request.
  Time since last request: 4.952721 seconds.
  path: Assets/PolygonWestern/Prefabs/Characters/Character_Badguy_01.prefab
  artifactKey: Guid(085e53ee40ad24b40a83bd90705ad460) Importer(815301076,1909f56bfc062723c751e8b465ee728b)
Start importing Assets/PolygonWestern/Prefabs/Characters/Character_Badguy_01.prefab using Guid(085e53ee40ad24b40a83bd90705ad460) Importer(815301076,1909f56bfc062723c751e8b465ee728b)  -> (artifact id: '395eceec8fedd35e670e3e4567c5bb72') in 0.146638 seconds 
  Import took 0.151484 seconds .

========================================================================
Received Import Request.
  Time since last request: 481.314924 seconds.
  path: Assets/Animations/Douglas@Drunk Idle.fbx
  artifactKey: Guid(815b784ea7e284ce1955a4a679ae0681) Importer(815301076,1909f56bfc062723c751e8b465ee728b)
Start importing Assets/Animations/Douglas@Drunk Idle.fbx using Guid(815b784ea7e284ce1955a4a679ae0681) Importer(815301076,1909f56bfc062723c751e8b465ee728b)  -> (artifact id: 'a044c6593c487d6d89cec68f362bc551') in 0.293524 seconds 
  Import took 0.314622 seconds .

========================================================================
Received Import Request.
  Time since last request: 10.583567 seconds.
  path: Assets/Animations/Drunk Idle.anim
  artifactKey: Guid(af5b17e81598e4cffb43ba8b1786771e) Importer(815301076,1909f56bfc062723c751e8b465ee728b)
Start importing Assets/Animations/Drunk Idle.anim using Guid(af5b17e81598e4cffb43ba8b1786771e) Importer(815301076,1909f56bfc062723c751e8b465ee728b)  -> (artifact id: '6212ed8387100b0ff33200c2105f8470') in 0.213540 seconds 
  Import took 0.224666 seconds .

========================================================================
Received Import Request.
  Time since last request: 2.099776 seconds.
  path: Assets/Animations/Douglas@Gunplay.fbx
  artifactKey: Guid(edc3fa1bf4771427aa8551cd50b89982) Importer(815301076,1909f56bfc062723c751e8b465ee728b)
Start importing Assets/Animations/Douglas@Gunplay.fbx using Guid(edc3fa1bf4771427aa8551cd50b89982) Importer(815301076,1909f56bfc062723c751e8b465ee728b)  -> (artifact id: 'c318a3ed9138a18999c70c67c1f74edc') in 0.016005 seconds 
  Import took 0.022145 seconds .

========================================================================
Received Import Request.
  Time since last request: 0.000858 seconds.
  path: Assets/Animations/Douglas@Gunplay.fbx
  artifactKey: Guid(edc3fa1bf4771427aa8551cd50b89982) Importer(815301076,1909f56bfc062723c751e8b465ee728b)
Start importing Assets/Animations/Douglas@Gunplay.fbx using Guid(edc3fa1bf4771427aa8551cd50b89982) Importer(815301076,1909f56bfc062723c751e8b465ee728b)  -> (artifact id: 'c318a3ed9138a18999c70c67c1f74edc') in 0.012203 seconds 
  Import took 0.023570 seconds .

========================================================================
Received Import Request.
  Time since last request: 1.082429 seconds.
  path: Assets/Animations/Gunplay.anim
  artifactKey: Guid(160b1b5531edd4137841c3d167612e20) Importer(815301076,1909f56bfc062723c751e8b465ee728b)
Start importing Assets/Animations/Gunplay.anim using Guid(160b1b5531edd4137841c3d167612e20) Importer(815301076,1909f56bfc062723c751e8b465ee728b)  -> (artifact id: '611ee0363179cc37a74128545bdadb81') in 0.023563 seconds 
  Import took 0.030129 seconds .

========================================================================
Received Import Request.
  Time since last request: 0.002195 seconds.
  path: Assets/Animations/Gunplay.anim
  artifactKey: Guid(160b1b5531edd4137841c3d167612e20) Importer(815301076,1909f56bfc062723c751e8b465ee728b)
Start importing Assets/Animations/Gunplay.anim using Guid(160b1b5531edd4137841c3d167612e20) Importer(815301076,1909f56bfc062723c751e8b465ee728b)  -> (artifact id: '611ee0363179cc37a74128545bdadb81') in 0.011925 seconds 
  Import took 0.016632 seconds .

========================================================================
Received Import Request.
  Time since last request: 85.338594 seconds.
  path: Assets/Animations/Douglas@Drunk Idle.fbx
  artifactKey: Guid(815b784ea7e284ce1955a4a679ae0681) Importer(815301076,1909f56bfc062723c751e8b465ee728b)
Start importing Assets/Animations/Douglas@Drunk Idle.fbx using Guid(815b784ea7e284ce1955a4a679ae0681) Importer(815301076,1909f56bfc062723c751e8b465ee728b)  -> (artifact id: '38c39af438fb3adf38cb9f056329b20a') in 0.009826 seconds 
  Import took 0.013995 seconds .

========================================================================
Received Import Request.
  Time since last request: 0.019784 seconds.
  path: Assets/Animations/Douglas@Drunk Idle.fbx
  artifactKey: Guid(815b784ea7e284ce1955a4a679ae0681) Importer(815301076,1909f56bfc062723c751e8b465ee728b)
Start importing Assets/Animations/Douglas@Drunk Idle.fbx using Guid(815b784ea7e284ce1955a4a679ae0681) Importer(815301076,1909f56bfc062723c751e8b465ee728b)  -> (artifact id: '38c39af438fb3adf38cb9f056329b20a') in 0.008104 seconds 
  Import took 0.011834 seconds .

========================================================================
Received Import Request.
  Time since last request: 3.222590 seconds.
  path: Assets/Animations/Drunk Idle.anim
  artifactKey: Guid(af5b17e81598e4cffb43ba8b1786771e) Importer(815301076,1909f56bfc062723c751e8b465ee728b)
Start importing Assets/Animations/Drunk Idle.anim using Guid(af5b17e81598e4cffb43ba8b1786771e) Importer(815301076,1909f56bfc062723c751e8b465ee728b)  -> (artifact id: '0c5df6077fc66886b6bccc48dc519d72') in 0.053116 seconds 
  Import took 0.056833 seconds .

========================================================================
Received Import Request.
  Time since last request: 9.788743 seconds.
  path: Assets/Animations/Douglas@Gunplay.fbx
  artifactKey: Guid(edc3fa1bf4771427aa8551cd50b89982) Importer(815301076,1909f56bfc062723c751e8b465ee728b)
Start importing Assets/Animations/Douglas@Gunplay.fbx using Guid(edc3fa1bf4771427aa8551cd50b89982) Importer(815301076,1909f56bfc062723c751e8b465ee728b)  -> (artifact id: 'cdb27b445a16ab47afccc9fbf51235e2') in 0.011535 seconds 
  Import took 0.017838 seconds .

========================================================================
Received Import Request.
  Time since last request: 1.915786 seconds.
  path: Assets/Animations/Gunplay.anim
  artifactKey: Guid(160b1b5531edd4137841c3d167612e20) Importer(815301076,1909f56bfc062723c751e8b465ee728b)
Start importing Assets/Animations/Gunplay.anim using Guid(160b1b5531edd4137841c3d167612e20) Importer(815301076,1909f56bfc062723c751e8b465ee728b)  -> (artifact id: '8aab22154183f1c389c66a13d25ca028') in 0.021623 seconds 
  Import took 0.033538 seconds .

========================================================================
Received Import Request.
  Time since last request: 627.875897 seconds.
  path: Assets/Animations/Douglas@Shooting.fbx
  artifactKey: Guid(0289f6998ed5e4e63afbd444e304fd54) Importer(815301076,1909f56bfc062723c751e8b465ee728b)
Start importing Assets/Animations/Douglas@Shooting.fbx using Guid(0289f6998ed5e4e63afbd444e304fd54) Importer(815301076,1909f56bfc062723c751e8b465ee728b)  -> (artifact id: 'b4c2e9ce7b7779f193cde3be5c2e90f1') in 0.020907 seconds 
  Import took 0.045109 seconds .

========================================================================
Received Import Request.
  Time since last request: 52.865723 seconds.
  path: Assets/Animations/Douglas@Shooting.fbx
  artifactKey: Guid(0289f6998ed5e4e63afbd444e304fd54) Importer(815301076,1909f56bfc062723c751e8b465ee728b)
Start importing Assets/Animations/Douglas@Shooting.fbx using Guid(0289f6998ed5e4e63afbd444e304fd54) Importer(815301076,1909f56bfc062723c751e8b465ee728b)  -> (artifact id: '6f798c4ff9f1340553a313876d427ae2') in 0.006894 seconds 
  Import took 0.010942 seconds .

========================================================================
Received Import Request.
  Time since last request: 5.159802 seconds.
  path: Assets/Animations/Shooting.anim
  artifactKey: Guid(c30c0e81f59ae4f8f870ae93f5983e84) Importer(815301076,1909f56bfc062723c751e8b465ee728b)
Start importing Assets/Animations/Shooting.anim using Guid(c30c0e81f59ae4f8f870ae93f5983e84) Importer(815301076,1909f56bfc062723c751e8b465ee728b)  -> (artifact id: 'c858f45a6116267209bcdfb91c712315') in 0.011449 seconds 
  Import took 0.015426 seconds .

========================================================================
Received Import Request.
  Time since last request: 579.662658 seconds.
  path: Assets/Animations/Douglas@Dying Backwards.fbx
  artifactKey: Guid(02e5bea54e9a94c5b95b2aa3a527dd69) Importer(815301076,1909f56bfc062723c751e8b465ee728b)
Start importing Assets/Animations/Douglas@Dying Backwards.fbx using Guid(02e5bea54e9a94c5b95b2aa3a527dd69) Importer(815301076,1909f56bfc062723c751e8b465ee728b)  -> (artifact id: 'fe0067384c6d40706618b40ffe44e9cb') in 0.017302 seconds 
  Import took 0.021893 seconds .

========================================================================
Received Import Request.
  Time since last request: 0.005574 seconds.
  path: Assets/Animations/Douglas@Dying Backwards.fbx
  artifactKey: Guid(02e5bea54e9a94c5b95b2aa3a527dd69) Importer(815301076,1909f56bfc062723c751e8b465ee728b)
Start importing Assets/Animations/Douglas@Dying Backwards.fbx using Guid(02e5bea54e9a94c5b95b2aa3a527dd69) Importer(815301076,1909f56bfc062723c751e8b465ee728b)  -> (artifact id: 'fe0067384c6d40706618b40ffe44e9cb') in 0.006247 seconds 
  Import took 0.010678 seconds .

========================================================================
Received Import Request.
  Time since last request: 0.443052 seconds.
  path: Assets/Animations/Douglas@Gunplay (1).fbx
  artifactKey: Guid(3f2a20283c1f74d7e98b41d803303079) Importer(815301076,1909f56bfc062723c751e8b465ee728b)
Start importing Assets/Animations/Douglas@Gunplay (1).fbx using Guid(3f2a20283c1f74d7e98b41d803303079) Importer(815301076,1909f56bfc062723c751e8b465ee728b)  -> (artifact id: '741f9aea469c46fe0c6601d670807967') in 0.007976 seconds 
  Import took 0.019456 seconds .

========================================================================
Received Import Request.
  Time since last request: 0.004307 seconds.
  path: Assets/Animations/Douglas@Gunplay (1).fbx
  artifactKey: Guid(3f2a20283c1f74d7e98b41d803303079) Importer(815301076,1909f56bfc062723c751e8b465ee728b)
Start importing Assets/Animations/Douglas@Gunplay (1).fbx using Guid(3f2a20283c1f74d7e98b41d803303079) Importer(815301076,1909f56bfc062723c751e8b465ee728b)  -> (artifact id: '741f9aea469c46fe0c6601d670807967') in 0.009494 seconds 
  Import took 0.013776 seconds .

========================================================================
Received Import Request.
  Time since last request: 7.215040 seconds.
  path: Assets/Animations/Douglas@Gunplay (1).fbx
  artifactKey: Guid(3f2a20283c1f74d7e98b41d803303079) Importer(815301076,1909f56bfc062723c751e8b465ee728b)
Start importing Assets/Animations/Douglas@Gunplay (1).fbx using Guid(3f2a20283c1f74d7e98b41d803303079) Importer(815301076,1909f56bfc062723c751e8b465ee728b)  -> (artifact id: 'f313a60ee66cf19318de147c9788c836') in 0.008742 seconds 
  Import took 0.013494 seconds .

========================================================================
Received Import Request.
  Time since last request: 6.560856 seconds.
  path: Assets/Animations/Douglas@Dying Backwards.fbx
  artifactKey: Guid(02e5bea54e9a94c5b95b2aa3a527dd69) Importer(815301076,1909f56bfc062723c751e8b465ee728b)
Start importing Assets/Animations/Douglas@Dying Backwards.fbx using Guid(02e5bea54e9a94c5b95b2aa3a527dd69) Importer(815301076,1909f56bfc062723c751e8b465ee728b)  -> (artifact id: 'ac10984e51c1f98f3b7b1993492c93cd') in 0.009591 seconds 
  Import took 0.013323 seconds .

========================================================================
Received Import Request.
  Time since last request: 4.255541 seconds.
  path: Assets/Animations/Gunplay (1).anim
  artifactKey: Guid(cc30c220ffa8242cea902438d4aa2c3d) Importer(815301076,1909f56bfc062723c751e8b465ee728b)
Start importing Assets/Animations/Gunplay (1).anim using Guid(cc30c220ffa8242cea902438d4aa2c3d) Importer(815301076,1909f56bfc062723c751e8b465ee728b)  -> (artifact id: '0f872bd8a97eaa07630f3490d1a9b7ae') in 0.022133 seconds 
  Import took 0.025841 seconds .

========================================================================
Received Import Request.
  Time since last request: 0.003958 seconds.
  path: Assets/Animations/Gunplay (1).anim
  artifactKey: Guid(cc30c220ffa8242cea902438d4aa2c3d) Importer(815301076,1909f56bfc062723c751e8b465ee728b)
Start importing Assets/Animations/Gunplay (1).anim using Guid(cc30c220ffa8242cea902438d4aa2c3d) Importer(815301076,1909f56bfc062723c751e8b465ee728b)  -> (artifact id: '0f872bd8a97eaa07630f3490d1a9b7ae') in 0.015016 seconds 
  Import took 0.018521 seconds .

========================================================================
Received Import Request.
  Time since last request: 10.297788 seconds.
  path: Assets/Animations/GunplayKneel.anim
  artifactKey: Guid(cc30c220ffa8242cea902438d4aa2c3d) Importer(815301076,1909f56bfc062723c751e8b465ee728b)
Start importing Assets/Animations/GunplayKneel.anim using Guid(cc30c220ffa8242cea902438d4aa2c3d) Importer(815301076,1909f56bfc062723c751e8b465ee728b)  -> (artifact id: 'c7c767ae6aaab982004481e874b65032') in 0.012865 seconds 
  Import took 0.016600 seconds .

========================================================================
Received Import Request.
  Time since last request: 12.220049 seconds.
  path: Assets/Animations/HideAndShoot.anim
  artifactKey: Guid(160b1b5531edd4137841c3d167612e20) Importer(815301076,1909f56bfc062723c751e8b465ee728b)
Start importing Assets/Animations/HideAndShoot.anim using Guid(160b1b5531edd4137841c3d167612e20) Importer(815301076,1909f56bfc062723c751e8b465ee728b)  -> (artifact id: '2e18efb650ddc7f646aecbd133faacd6') in 0.027870 seconds 
  Import took 0.031553 seconds .

========================================================================
Received Import Request.
  Time since last request: 6.614462 seconds.
  path: Assets/Animations/KneelAndShoot.anim
  artifactKey: Guid(cc30c220ffa8242cea902438d4aa2c3d) Importer(815301076,1909f56bfc062723c751e8b465ee728b)
Start importing Assets/Animations/KneelAndShoot.anim using Guid(cc30c220ffa8242cea902438d4aa2c3d) Importer(815301076,1909f56bfc062723c751e8b465ee728b)  -> (artifact id: '5dc2a98d304eabf9b94c334b31ac6370') in 0.011741 seconds 
  Import took 0.016581 seconds .

========================================================================
Received Import Request.
  Time since last request: 10.959890 seconds.
  path: Assets/Animations/Dying Backwards.anim
  artifactKey: Guid(d9f55ec597d554a2ca4e8fd32fabce44) Importer(815301076,1909f56bfc062723c751e8b465ee728b)
Start importing Assets/Animations/Dying Backwards.anim using Guid(d9f55ec597d554a2ca4e8fd32fabce44) Importer(815301076,1909f56bfc062723c751e8b465ee728b)  -> (artifact id: 'a5e8f74f2ef176f15bfd3c7f85d595e2') in 0.043043 seconds 
  Import took 0.048236 seconds .

========================================================================
Received Prepare
Registering precompiled user dll's ...
Registered in 0.010295 seconds.
Begin MonoManager ReloadAssembly
Native extension for OSXStandalone target not found
Refreshing native plugins compatible for Editor in 2.35 ms, found 2 plugins.
Preloading 0 native plugins for Editor in 0.00 ms.
Mono: successfully reloaded assembly
- Completed reload, in  3.743 seconds
Platform modules already initialized, skipping
Refreshing native plugins compatible for Editor in 1.20 ms, found 2 plugins.
Preloading 0 native plugins for Editor in 0.00 ms.
Unloading 1385 Unused Serialized files (Serialized files now loaded: 0)
System memory in use before: 174.6 MB.
System memory in use after: 174.6 MB.

Unloading 14 unused Assets to reduce memory usage. Loaded Objects now: 1834.
Total: 3.814945 ms (FindLiveObjects: 0.412780 ms CreateObjectMapping: 0.106578 ms MarkObjects: 3.113658 ms  DeleteObjects: 0.179971 ms)

AssetImportParameters requested are different than current active one (requested -> active):
  custom:video-decoder-ogg-theora: a1e56fd34408186e4bbccfd4996cb3dc -> 
  custom:container-muxer-webm: aa71ff27fc2769a1b78a27578f13a17b -> 
  custom:container-demuxer-webm: 4f35f7cbe854078d1ac9338744f61a02 -> 
  custom:container-demuxer-ogg: 62fdf1f143b41e24485cea50d1cbac27 -> 
  custom:video-encoder-webm-vp8: eb34c28f22e8b96e1ab97ce403110664 -> 
  custom:framework-osx-AVFoundation: e770b220cccbd017edd2c1fefb359320 -> 
  custom:video-decoder-webm-vp8: 9c59270c3fd7afecdb556c50c9e8de78 -> 
  custom:audio-decoder-ogg-vorbis: bf7c407c2cedff20999df2af8eb42d56 -> 
  custom:audio-encoder-webm-vorbis: bf7c407c2cedff20999df2af8eb42d56 -> 
========================================================================
Received Prepare
Registering precompiled user dll's ...
Registered in 0.004371 seconds.
Begin MonoManager ReloadAssembly
Native extension for OSXStandalone target not found
Refreshing native plugins compatible for Editor in 0.48 ms, found 2 plugins.
Preloading 0 native plugins for Editor in 0.00 ms.
Mono: successfully reloaded assembly
- Completed reload, in  2.296 seconds
Platform modules already initialized, skipping
Refreshing native plugins compatible for Editor in 0.92 ms, found 2 plugins.
Preloading 0 native plugins for Editor in 0.00 ms.
Unloading 1389 Unused Serialized files (Serialized files now loaded: 0)
System memory in use before: 175.2 MB.
System memory in use after: 175.2 MB.

Unloading 14 unused Assets to reduce memory usage. Loaded Objects now: 1841.
Total: 2.994373 ms (FindLiveObjects: 0.245047 ms CreateObjectMapping: 0.050924 ms MarkObjects: 2.523286 ms  DeleteObjects: 0.173471 ms)

AssetImportParameters requested are different than current active one (requested -> active):
  custom:video-decoder-ogg-theora: a1e56fd34408186e4bbccfd4996cb3dc -> 
  custom:container-muxer-webm: aa71ff27fc2769a1b78a27578f13a17b -> 
  custom:container-demuxer-webm: 4f35f7cbe854078d1ac9338744f61a02 -> 
  custom:container-demuxer-ogg: 62fdf1f143b41e24485cea50d1cbac27 -> 
  custom:video-encoder-webm-vp8: eb34c28f22e8b96e1ab97ce403110664 -> 
  custom:framework-osx-AVFoundation: e770b220cccbd017edd2c1fefb359320 -> 
  custom:video-decoder-webm-vp8: 9c59270c3fd7afecdb556c50c9e8de78 -> 
  custom:audio-decoder-ogg-vorbis: bf7c407c2cedff20999df2af8eb42d56 -> 
  custom:audio-encoder-webm-vorbis: bf7c407c2cedff20999df2af8eb42d56 -> 
========================================================================
Received Import Request.
  Time since last request: 6096.891076 seconds.
  path: ProjectSettings/TagManager.asset
  artifactKey: Guid(00000000000000003000000000000000) Importer(815301076,1909f56bfc062723c751e8b465ee728b)
Start importing ProjectSettings/TagManager.asset using Guid(00000000000000003000000000000000) Importer(815301076,1909f56bfc062723c751e8b465ee728b)  -> (artifact id: 'ce6a35c3cddc746e7501c0bd0ed6d4ce') in 0.481835 seconds 
  Import took 0.506227 seconds .

========================================================================
Received Import Request.
  Time since last request: 13445.873491 seconds.
  path: Assets/SM_Wep_Revolver_02.controller
  artifactKey: Guid(1914efda5ee794082aa212faae70a720) Importer(815301076,1909f56bfc062723c751e8b465ee728b)
Start importing Assets/SM_Wep_Revolver_02.controller using Guid(1914efda5ee794082aa212faae70a720) Importer(815301076,1909f56bfc062723c751e8b465ee728b)  -> (artifact id: '95aa23bb29b4bf8d68974d3a23707843') in 0.027965 seconds 
  Import took 0.076960 seconds .

========================================================================
Received Import Request.
  Time since last request: 42.322329 seconds.
  path: Assets/SM_Wep_Revolver_02 (1) Variant 1 Variant.prefab
  artifactKey: Guid(f126c26fc66e1443297cdd4288144e37) Importer(815301076,1909f56bfc062723c751e8b465ee728b)
Start importing Assets/SM_Wep_Revolver_02 (1) Variant 1 Variant.prefab using Guid(f126c26fc66e1443297cdd4288144e37) Importer(815301076,1909f56bfc062723c751e8b465ee728b)  -> (artifact id: '3de26abe096dafdd92d85a014f936196') in 0.119408 seconds 
  Import took 0.142489 seconds .

========================================================================
Received Import Request.
  Time since last request: 1.301103 seconds.
  path: Assets/GunShot.prefab
  artifactKey: Guid(505db887fd2794e31b12111d1f94c24e) Importer(815301076,1909f56bfc062723c751e8b465ee728b)
Start importing Assets/GunShot.prefab using Guid(505db887fd2794e31b12111d1f94c24e) Importer(815301076,1909f56bfc062723c751e8b465ee728b)  -> (artifact id: 'a0ef7f2d4acc47e83c07970180b60fd5') in 0.014761 seconds 
  Import took 0.033401 seconds .

========================================================================
Received Import Request.
  Time since last request: 0.120095 seconds.
  path: Assets/GunShot.prefab
  artifactKey: Guid(505db887fd2794e31b12111d1f94c24e) Importer(815301076,1909f56bfc062723c751e8b465ee728b)
Start importing Assets/GunShot.prefab using Guid(505db887fd2794e31b12111d1f94c24e) Importer(815301076,1909f56bfc062723c751e8b465ee728b)  -> (artifact id: 'a0ef7f2d4acc47e83c07970180b60fd5') in 0.007885 seconds 
  Import took 0.013702 seconds .

========================================================================
Received Import Request.
  Time since last request: 0.640032 seconds.
  path: Assets/GunShot Variant.prefab
  artifactKey: Guid(819fad1d0b6614fadb22902e37d83b4c) Importer(815301076,1909f56bfc062723c751e8b465ee728b)
Start importing Assets/GunShot Variant.prefab using Guid(819fad1d0b6614fadb22902e37d83b4c) Importer(815301076,1909f56bfc062723c751e8b465ee728b)  -> (artifact id: '044e72b74ff21fb1bd43055370948b55') in 0.011168 seconds 
  Import took 0.016294 seconds .

========================================================================
Received Import Request.
  Time since last request: 0.002704 seconds.
  path: Assets/GunShot Variant.prefab
  artifactKey: Guid(819fad1d0b6614fadb22902e37d83b4c) Importer(815301076,1909f56bfc062723c751e8b465ee728b)
Start importing Assets/GunShot Variant.prefab using Guid(819fad1d0b6614fadb22902e37d83b4c) Importer(815301076,1909f56bfc062723c751e8b465ee728b)  -> (artifact id: '044e72b74ff21fb1bd43055370948b55') in 0.012754 seconds 
  Import took 0.017354 seconds .

========================================================================
Received Import Request.
  Time since last request: 9.645734 seconds.
  path: Assets/EnemyAiTutorial.cs
  artifactKey: Guid(ec60b92c3102b4c989aa67fbcdd543ec) Importer(815301076,1909f56bfc062723c751e8b465ee728b)
Start importing Assets/EnemyAiTutorial.cs using Guid(ec60b92c3102b4c989aa67fbcdd543ec) Importer(815301076,1909f56bfc062723c751e8b465ee728b)  -> (artifact id: 'e191f428118867bebe71c65e56f4fed1') in 1.183158 seconds 
  Import took 1.204155 seconds .

========================================================================
Received Import Request.
  Time since last request: 360.123501 seconds.
  path: Assets/Scripts
  artifactKey: Guid(b05b04cb488374f53b5641b8ba2ff2fc) Importer(815301076,1909f56bfc062723c751e8b465ee728b)
Start importing Assets/Scripts using Guid(b05b04cb488374f53b5641b8ba2ff2fc) Importer(815301076,1909f56bfc062723c751e8b465ee728b)  -> (artifact id: '33804d7a1b256b0f03f53789bcbb64ff') in 0.002679 seconds 
  Import took 0.007675 seconds .

========================================================================
Received Import Request.
  Time since last request: 430.773654 seconds.
  path: Assets/Scripts/Lever and Buttons
  artifactKey: Guid(3744653991bbc4fc29e11bfaf726f2ed) Importer(815301076,1909f56bfc062723c751e8b465ee728b)
Start importing Assets/Scripts/Lever and Buttons using Guid(3744653991bbc4fc29e11bfaf726f2ed) Importer(815301076,1909f56bfc062723c751e8b465ee728b)  -> (artifact id: '2a3c928fcc220a1ca7c1cb4a184f7e47') in 0.002254 seconds 
  Import took 0.008555 seconds .

========================================================================
Received Import Request.
  Time since last request: 0.011785 seconds.
  path: Assets/Scripts/Lever and Buttons
  artifactKey: Guid(3744653991bbc4fc29e11bfaf726f2ed) Importer(815301076,1909f56bfc062723c751e8b465ee728b)
Start importing Assets/Scripts/Lever and Buttons using Guid(3744653991bbc4fc29e11bfaf726f2ed) Importer(815301076,1909f56bfc062723c751e8b465ee728b)  -> (artifact id: '2a3c928fcc220a1ca7c1cb4a184f7e47') in 0.005220 seconds 
  Import took 0.012432 seconds .

========================================================================
Received Import Request.
  Time since last request: 0.790615 seconds.
  path: Assets/Scripts/Lever and Buttons/LevelControl.cs
  artifactKey: Guid(d46fbb1135f0b4a65b29e3c06d50000a) Importer(815301076,1909f56bfc062723c751e8b465ee728b)
Start importing Assets/Scripts/Lever and Buttons/LevelControl.cs using Guid(d46fbb1135f0b4a65b29e3c06d50000a) Importer(815301076,1909f56bfc062723c751e8b465ee728b)  -> (artifact id: '09c85ed436ce3f10e8ba86572e8f7e02') in 0.003064 seconds 
  Import took 0.007425 seconds .

========================================================================
Received Import Request.
  Time since last request: 0.002666 seconds.
  path: Assets/Scripts/Lever and Buttons/LevelControl.cs
  artifactKey: Guid(d46fbb1135f0b4a65b29e3c06d50000a) Importer(815301076,1909f56bfc062723c751e8b465ee728b)
Start importing Assets/Scripts/Lever and Buttons/LevelControl.cs using Guid(d46fbb1135f0b4a65b29e3c06d50000a) Importer(815301076,1909f56bfc062723c751e8b465ee728b)  -> (artifact id: '09c85ed436ce3f10e8ba86572e8f7e02') in 0.003713 seconds 
  Import took 0.008586 seconds .

========================================================================
Received Import Request.
  Time since last request: 1122.851844 seconds.
  path: Assets/Scripts/SimpleShoot.cs
  artifactKey: Guid(c4a6bda30835f4a42b75f82d1b935722) Importer(815301076,1909f56bfc062723c751e8b465ee728b)
Start importing Assets/Scripts/SimpleShoot.cs using Guid(c4a6bda30835f4a42b75f82d1b935722) Importer(815301076,1909f56bfc062723c751e8b465ee728b)  -> (artifact id: 'cd5aab8b6a99c384b634b60e361cc512') in 0.003065 seconds 
  Import took 0.007494 seconds .

========================================================================
Received Import Request.
  Time since last request: 0.000642 seconds.
  path: Assets/Scripts/SimpleShoot.cs
  artifactKey: Guid(c4a6bda30835f4a42b75f82d1b935722) Importer(815301076,1909f56bfc062723c751e8b465ee728b)
Start importing Assets/Scripts/SimpleShoot.cs using Guid(c4a6bda30835f4a42b75f82d1b935722) Importer(815301076,1909f56bfc062723c751e8b465ee728b)  -> (artifact id: 'cd5aab8b6a99c384b634b60e361cc512') in 0.002704 seconds 
  Import took 0.007690 seconds .

========================================================================
Received Prepare
Registering precompiled user dll's ...
Registered in 0.018141 seconds.
Begin MonoManager ReloadAssembly
Native extension for OSXStandalone target not found
Refreshing native plugins compatible for Editor in 0.78 ms, found 6 plugins.
Preloading 1 native plugins for Editor in 22.67 ms.
Mono: successfully reloaded assembly
- Completed reload, in  1.567 seconds
Platform modules already initialized, skipping
Shader 'Oculus/OVRMRCameraFrameLit': fallback shader 'Alpha-Diffuse' not found
Shader 'Oculus/OVRMRCameraFrameLit': fallback shader 'Alpha-Diffuse' not found
Refreshing native plugins compatible for Editor in 1.13 ms, found 6 plugins.
Preloading 1 native plugins for Editor in 0.87 ms.
Unloading 1924 Unused Serialized files (Serialized files now loaded: 0)
System memory in use before: 215.5 MB.
System memory in use after: 207.2 MB.

Unloading 80 unused Assets to reduce memory usage. Loaded Objects now: 2317.
Total: 9.011405 ms (FindLiveObjects: 0.355343 ms CreateObjectMapping: 0.115521 ms MarkObjects: 2.035138 ms  DeleteObjects: 6.504361 ms)

AssetImportParameters requested are different than current active one (requested -> active):
  custom:video-decoder-ogg-theora: a1e56fd34408186e4bbccfd4996cb3dc -> 
  custom:container-muxer-webm: aa71ff27fc2769a1b78a27578f13a17b -> 
  custom:container-demuxer-webm: 4f35f7cbe854078d1ac9338744f61a02 -> 
  custom:container-demuxer-ogg: 62fdf1f143b41e24485cea50d1cbac27 -> 
  custom:video-encoder-webm-vp8: eb34c28f22e8b96e1ab97ce403110664 -> 
  custom:framework-osx-AVFoundation: e770b220cccbd017edd2c1fefb359320 -> 
  custom:video-decoder-webm-vp8: 9c59270c3fd7afecdb556c50c9e8de78 -> 
  custom:audio-decoder-ogg-vorbis: bf7c407c2cedff20999df2af8eb42d56 -> 
  custom:audio-encoder-webm-vorbis: bf7c407c2cedff20999df2af8eb42d56 -> 
